
> dynamitegus-website@0.0.1 dev
> astro dev

16:37:11 [WARN] Unsupported file type /home/angus/GitRepos/dynamitegus.website/src/pages/projects/log.log found. Prefix filename with an underscore (`_`) to ignore.
16:37:11 [WARN] Unsupported file type /home/angus/GitRepos/dynamitegus.website/src/pages/projects/notiondatabase.json found. Prefix filename with an underscore (`_`) to ignore.
16:37:11 [types] Generated 0ms
16:37:12 [content] Syncing content
16:37:12 [content] Synced content

 astro  v5.3.1 ready in 509 ms

┃ Local    http://localhost:4321/
┃ Network  use --host to expose

16:37:12 watching for file changes...
16:37:15 [200] /projects/tradelist 164ms
{
  object: 'list',
  results: [
    {
      object: 'page',
      id: '1a959c22-f5d4-809d-901f-e07c8f98e6f6',
      created_time: '2025-03-01T06:33:00.000Z',
      last_edited_time: '2025-03-01T06:33:00.000Z',
      created_by: [Object],
      last_edited_by: [Object],
      cover: null,
      icon: null,
      parent: [Object],
      archived: false,
      in_trash: false,
      properties: [Object],
      url: 'https://www.notion.so/1a959c22f5d4809d901fe07c8f98e6f6',
      public_url: 'https://carnelian-cardigan-f60.notion.site/1a959c22f5d4809d901fe07c8f98e6f6'
    },
    {
      object: 'page',
      id: '1a859c22-f5d4-800c-add0-dc4bcbeaea04',
      created_time: '2025-02-28T07:28:00.000Z',
      last_edited_time: '2025-02-28T07:29:00.000Z',
      created_by: [Object],
      last_edited_by: [Object],
      cover: null,
      icon: null,
      parent: [Object],
      archived: false,
      in_trash: false,
      properties: [Object],
      url: 'https://www.notion.so/Feather-Falling-4-1a859c22f5d4800cadd0dc4bcbeaea04',
      public_url: 'https://carnelian-cardigan-f60.notion.site/Feather-Falling-4-1a859c22f5d4800cadd0dc4bcbeaea04'
    },
    {
      object: 'page',
      id: '1a459c22-f5d4-80f1-997d-d95189f33d50',
      created_time: '2025-02-24T13:40:00.000Z',
      last_edited_time: '2025-02-24T13:40:00.000Z',
      created_by: [Object],
      last_edited_by: [Object],
      cover: null,
      icon: null,
      parent: [Object],
      archived: false,
      in_trash: false,
      properties: [Object],
      url: 'https://www.notion.so/Looting-3-1a459c22f5d480f1997dd95189f33d50',
      public_url: 'https://carnelian-cardigan-f60.notion.site/Looting-3-1a459c22f5d480f1997dd95189f33d50'
    },
    {
      object: 'page',
      id: '1a459c22-f5d4-808d-a62a-ccffc99b2d76',
      created_time: '2025-02-24T08:51:00.000Z',
      last_edited_time: '2025-02-24T08:52:00.000Z',
      created_by: [Object],
      last_edited_by: [Object],
      cover: null,
      icon: null,
      parent: [Object],
      archived: false,
      in_trash: false,
      properties: [Object],
      url: 'https://www.notion.so/Knockback-2-1a459c22f5d4808da62accffc99b2d76',
      public_url: 'https://carnelian-cardigan-f60.notion.site/Knockback-2-1a459c22f5d4808da62accffc99b2d76'
    },
    {
      object: 'page',
      id: '1a459c22-f5d4-805b-97af-c42a88a44292',
      created_time: '2025-02-24T08:36:00.000Z',
      last_edited_time: '2025-02-24T08:41:00.000Z',
      created_by: [Object],
      last_edited_by: [Object],
      cover: null,
      icon: null,
      parent: [Object],
      archived: false,
      in_trash: false,
      properties: [Object],
      url: 'https://www.notion.so/Flame-1a459c22f5d4805b97afc42a88a44292',
      public_url: 'https://carnelian-cardigan-f60.notion.site/Flame-1a459c22f5d4805b97afc42a88a44292'
    },
    {
      object: 'page',
      id: '1a459c22-f5d4-80d5-b342-d845e3cf0d1e',
      created_time: '2025-02-24T07:20:00.000Z',
      last_edited_time: '2025-02-24T07:20:00.000Z',
      created_by: [Object],
      last_edited_by: [Object],
      cover: null,
      icon: null,
      parent: [Object],
      archived: false,
      in_trash: false,
      properties: [Object],
      url: 'https://www.notion.so/Diorite-1a459c22f5d480d5b342d845e3cf0d1e',
      public_url: 'https://carnelian-cardigan-f60.notion.site/Diorite-1a459c22f5d480d5b342d845e3cf0d1e'
    },
    {
      object: 'page',
      id: '1a459c22-f5d4-80c5-9701-e716b6f9064f',
      created_time: '2025-02-24T07:19:00.000Z',
      last_edited_time: '2025-02-24T07:20:00.000Z',
      created_by: [Object],
      last_edited_by: [Object],
      cover: null,
      icon: null,
      parent: [Object],
      archived: false,
      in_trash: false,
      properties: [Object],
      url: 'https://www.notion.so/Stone-1a459c22f5d480c59701e716b6f9064f',
      public_url: 'https://carnelian-cardigan-f60.notion.site/Stone-1a459c22f5d480c59701e716b6f9064f'
    },
    {
      object: 'page',
      id: '1a459c22-f5d4-8028-948e-fbaf7df2e9db',
      created_time: '2025-02-24T07:19:00.000Z',
      last_edited_time: '2025-02-24T07:19:00.000Z',
      created_by: [Object],
      last_edited_by: [Object],
      cover: null,
      icon: null,
      parent: [Object],
      archived: false,
      in_trash: false,
      properties: [Object],
      url: 'https://www.notion.so/Clay-1a459c22f5d48028948efbaf7df2e9db',
      public_url: 'https://carnelian-cardigan-f60.notion.site/Clay-1a459c22f5d48028948efbaf7df2e9db'
    },
    {
      object: 'page',
      id: '1a459c22-f5d4-8043-a779-c9eb6d630326',
      created_time: '2025-02-24T07:17:00.000Z',
      last_edited_time: '2025-02-24T07:18:00.000Z',
      created_by: [Object],
      last_edited_by: [Object],
      cover: null,
      icon: null,
      parent: [Object],
      archived: false,
      in_trash: false,
      properties: [Object],
      url: 'https://www.notion.so/Silk-Touch-1a459c22f5d48043a779c9eb6d630326',
      public_url: 'https://carnelian-cardigan-f60.notion.site/Silk-Touch-1a459c22f5d48043a779c9eb6d630326'
    },
    {
      object: 'page',
      id: '1a359c22-f5d4-8003-8d9d-c53ce22ab311',
      created_time: '2025-02-23T08:08:00.000Z',
      last_edited_time: '2025-02-23T08:09:00.000Z',
      created_by: [Object],
      last_edited_by: [Object],
      cover: null,
      icon: null,
      parent: [Object],
      archived: false,
      in_trash: false,
      properties: [Object],
      url: 'https://www.notion.so/Efficiency-5-1a359c22f5d480038d9dc53ce22ab311',
      public_url: 'https://carnelian-cardigan-f60.notion.site/Efficiency-5-1a359c22f5d480038d9dc53ce22ab311'
    },
    {
      object: 'page',
      id: '19f59c22-f5d4-80f0-be71-e21d12917b48',
      created_time: '2025-02-19T02:08:00.000Z',
      last_edited_time: '2025-02-23T08:10:00.000Z',
      created_by: [Object],
      last_edited_by: [Object],
      cover: null,
      icon: null,
      parent: [Object],
      archived: false,
      in_trash: false,
      properties: [Object],
      url: 'https://www.notion.so/Aqua-Affinity-19f59c22f5d480f0be71e21d12917b48',
      public_url: 'https://carnelian-cardigan-f60.notion.site/Aqua-Affinity-19f59c22f5d480f0be71e21d12917b48'
    },
    {
      object: 'page',
      id: '19f59c22-f5d4-80b1-bc74-c322be805978',
      created_time: '2025-02-19T00:53:00.000Z',
      last_edited_time: '2025-02-24T13:40:00.000Z',
      created_by: [Object],
      last_edited_by: [Object],
      cover: null,
      icon: null,
      parent: [Object],
      archived: false,
      in_trash: false,
      properties: [Object],
      url: 'https://www.notion.so/Respiration-3-19f59c22f5d480b1bc74c322be805978',
      public_url: 'https://carnelian-cardigan-f60.notion.site/Respiration-3-19f59c22f5d480b1bc74c322be805978'
    },
    {
      object: 'page',
      id: '19e59c22-f5d4-80df-a5c3-e3c34bf52680',
      created_time: '2025-02-18T10:50:00.000Z',
      last_edited_time: '2025-02-19T01:21:00.000Z',
      created_by: [Object],
      last_edited_by: [Object],
      cover: null,
      icon: null,
      parent: [Object],
      archived: false,
      in_trash: false,
      properties: [Object],
      url: 'https://www.notion.so/Protection-4-19e59c22f5d480dfa5c3e3c34bf52680',
      public_url: 'https://carnelian-cardigan-f60.notion.site/Protection-4-19e59c22f5d480dfa5c3e3c34bf52680'
    },
    {
      object: 'page',
      id: '19e59c22-f5d4-80cc-898e-ce7b86ccf0b1',
      created_time: '2025-02-18T09:07:00.000Z',
      last_edited_time: '2025-02-19T00:42:00.000Z',
      created_by: [Object],
      last_edited_by: [Object],
      cover: null,
      icon: null,
      parent: [Object],
      archived: false,
      in_trash: false,
      properties: [Object],
      url: 'https://www.notion.so/Thorns-3-19e59c22f5d480cc898ece7b86ccf0b1',
      public_url: 'https://carnelian-cardigan-f60.notion.site/Thorns-3-19e59c22f5d480cc898ece7b86ccf0b1'
    },
    {
      object: 'page',
      id: '19e59c22-f5d4-807f-b9ed-f80d3d65e6bf',
      created_time: '2025-02-18T07:19:00.000Z',
      last_edited_time: '2025-02-19T00:42:00.000Z',
      created_by: [Object],
      last_edited_by: [Object],
      cover: null,
      icon: null,
      parent: [Object],
      archived: false,
      in_trash: false,
      properties: [Object],
      url: 'https://www.notion.so/Depth-Strider-3-19e59c22f5d4807fb9edf80d3d65e6bf',
      public_url: 'https://carnelian-cardigan-f60.notion.site/Depth-Strider-3-19e59c22f5d4807fb9edf80d3d65e6bf'
    },
    {
      object: 'page',
      id: '19e59c22-f5d4-80b4-b9a9-e2cd373f340b',
      created_time: '2025-02-18T06:54:00.000Z',
      last_edited_time: '2025-02-19T00:42:00.000Z',
      created_by: [Object],
      last_edited_by: [Object],
      cover: null,
      icon: null,
      parent: [Object],
      archived: false,
      in_trash: false,
      properties: [Object],
      url: 'https://www.notion.so/Sweeping-Edge-3-19e59c22f5d480b4b9a9e2cd373f340b',
      public_url: 'https://carnelian-cardigan-f60.notion.site/Sweeping-Edge-3-19e59c22f5d480b4b9a9e2cd373f340b'
    },
    {
      object: 'page',
      id: '19e59c22-f5d4-809e-b44e-d1af1e768267',
      created_time: '2025-02-18T06:47:00.000Z',
      last_edited_time: '2025-02-19T00:42:00.000Z',
      created_by: [Object],
      last_edited_by: [Object],
      cover: null,
      icon: null,
      parent: [Object],
      archived: false,
      in_trash: false,
      properties: [Object],
      url: 'https://www.notion.so/Fortune-3-19e59c22f5d4809eb44ed1af1e768267',
      public_url: 'https://carnelian-cardigan-f60.notion.site/Fortune-3-19e59c22f5d4809eb44ed1af1e768267'
    },
    {
      object: 'page',
      id: '19e59c22-f5d4-809f-9ec9-d612fb26043a',
      created_time: '2025-02-18T06:20:00.000Z',
      last_edited_time: '2025-02-24T07:22:00.000Z',
      created_by: [Object],
      last_edited_by: [Object],
      cover: null,
      icon: null,
      parent: [Object],
      archived: false,
      in_trash: false,
      properties: [Object],
      url: 'https://www.notion.so/Unbreaking-3-19e59c22f5d4809f9ec9d612fb26043a',
      public_url: 'https://carnelian-cardigan-f60.notion.site/Unbreaking-3-19e59c22f5d4809f9ec9d612fb26043a'
    },
    {
      object: 'page',
      id: '19e59c22-f5d4-8059-b008-dffcc92aa0d8',
      created_time: '2025-02-18T06:19:00.000Z',
      last_edited_time: '2025-02-18T10:50:00.000Z',
      created_by: [Object],
      last_edited_by: [Object],
      cover: null,
      icon: null,
      parent: [Object],
      archived: false,
      in_trash: false,
      properties: [Object],
      url: 'https://www.notion.so/Lapis-Lazuli-19e59c22f5d48059b008dffcc92aa0d8',
      public_url: 'https://carnelian-cardigan-f60.notion.site/Lapis-Lazuli-19e59c22f5d48059b008dffcc92aa0d8'
    },
    {
      object: 'page',
      id: '19e59c22-f5d4-8052-9a56-d69199b2b4da',
      created_time: '2025-02-18T06:17:00.000Z',
      last_edited_time: '2025-02-18T06:19:00.000Z',
      created_by: [Object],
      last_edited_by: [Object],
      cover: null,
      icon: null,
      parent: [Object],
      archived: false,
      in_trash: false,
      properties: [Object],
      url: 'https://www.notion.so/Rotten-Flesh-19e59c22f5d480529a56d69199b2b4da',
      public_url: 'https://carnelian-cardigan-f60.notion.site/Rotten-Flesh-19e59c22f5d480529a56d69199b2b4da'
    },
    {
      object: 'page',
      id: '19e59c22-f5d4-805b-b37a-ffb657ee4b40',
      created_time: '2025-02-18T06:16:00.000Z',
      last_edited_time: '2025-02-19T00:43:00.000Z',
      created_by: [Object],
      last_edited_by: [Object],
      cover: null,
      icon: null,
      parent: [Object],
      archived: false,
      in_trash: false,
      properties: [Object],
      url: 'https://www.notion.so/Breach-4-19e59c22f5d4805bb37affb657ee4b40',
      public_url: 'https://carnelian-cardigan-f60.notion.site/Breach-4-19e59c22f5d4805bb37affb657ee4b40'
    },
    {
      object: 'page',
      id: '19e59c22-f5d4-8013-80c5-f3fea70a04e0',
      created_time: '2025-02-18T06:12:00.000Z',
      last_edited_time: '2025-02-24T07:22:00.000Z',
      created_by: [Object],
      last_edited_by: [Object],
      cover: null,
      icon: null,
      parent: [Object],
      archived: false,
      in_trash: false,
      properties: [Object],
      url: 'https://www.notion.so/Mending-19e59c22f5d4801380c5f3fea70a04e0',
      public_url: 'https://carnelian-cardigan-f60.notion.site/Mending-19e59c22f5d4801380c5f3fea70a04e0'
    }
  ],
  next_cursor: null,
  has_more: false,
  type: 'page_or_database',
  page_or_database: {},
  request_id: 'f3689642-b8e5-4772-9a66-d8349773a04c'
}
